  mpwi_lab6.cpp
c:\users\nowik\dropbox\repos\mpwi_lab6\mpwi_lab6\mpwi_lab6.cpp(15): warning C4244: "return": konwersja z "double" do "float", możliwa utrata danych
c:\users\nowik\dropbox\repos\mpwi_lab6\mpwi_lab6\mpwi_lab6.cpp(34): warning C4244: "=": konwersja z "double" do "float", możliwa utrata danych
c:\users\nowik\dropbox\repos\mpwi_lab6\mpwi_lab6\mpwi_lab6.cpp(35): warning C4244: "=": konwersja z "double" do "float", możliwa utrata danych
c:\users\nowik\dropbox\repos\mpwi_lab6\mpwi_lab6\mpwi_lab6.cpp(39): warning C4244: "=": konwersja z "double" do "float", możliwa utrata danych
c:\users\nowik\dropbox\repos\mpwi_lab6\mpwi_lab6\mpwi_lab6.cpp(65): warning C4244: "return": konwersja z "double" do "int", możliwa utrata danych
c:\users\nowik\dropbox\repos\mpwi_lab6\mpwi_lab6\mpwi_lab6.cpp(82): warning C4018: "<": niezgodność typu ze znakiem/bez znaku
c:\users\nowik\dropbox\repos\mpwi_lab6\mpwi_lab6\mpwi_lab6.cpp(92): warning C4018: "<": niezgodność typu ze znakiem/bez znaku
c:\users\nowik\dropbox\repos\mpwi_lab6\mpwi_lab6\mpwi_lab6.cpp(106): warning C4018: "<": niezgodność typu ze znakiem/bez znaku
c:\users\nowik\dropbox\repos\mpwi_lab6\mpwi_lab6\mpwi_lab6.cpp(112): warning C4018: "<": niezgodność typu ze znakiem/bez znaku
c:\users\nowik\dropbox\repos\mpwi_lab6\mpwi_lab6\mpwi_lab6.cpp(127): warning C4018: "<": niezgodność typu ze znakiem/bez znaku
c:\users\nowik\dropbox\repos\mpwi_lab6\mpwi_lab6\mpwi_lab6.cpp(137): warning C4018: "<": niezgodność typu ze znakiem/bez znaku
c:\users\nowik\dropbox\repos\mpwi_lab6\mpwi_lab6\mpwi_lab6.cpp(139): warning C4244: "+=": konwersja z "const double" do "int", możliwa utrata danych
c:\users\nowik\dropbox\repos\mpwi_lab6\mpwi_lab6\mpwi_lab6.cpp(147): warning C4018: "<": niezgodność typu ze znakiem/bez znaku
c:\users\nowik\dropbox\repos\mpwi_lab6\mpwi_lab6\mpwi_lab6.cpp(157): warning C4018: "<": niezgodność typu ze znakiem/bez znaku
c:\users\nowik\dropbox\repos\mpwi_lab6\mpwi_lab6\mpwi_lab6.cpp(160): warning C4018: "<": niezgodność typu ze znakiem/bez znaku
c:\users\nowik\dropbox\repos\mpwi_lab6\mpwi_lab6\mpwi_lab6.cpp(173): warning C4018: "<": niezgodność typu ze znakiem/bez znaku
c:\users\nowik\dropbox\repos\mpwi_lab6\mpwi_lab6\mpwi_lab6.cpp(176): warning C4018: "<": niezgodność typu ze znakiem/bez znaku
c:\users\nowik\dropbox\repos\mpwi_lab6\mpwi_lab6\mpwi_lab6.cpp(189): warning C4018: "<": niezgodność typu ze znakiem/bez znaku
c:\users\nowik\dropbox\repos\mpwi_lab6\mpwi_lab6\mpwi_lab6.cpp(200): warning C4018: "<": niezgodność typu ze znakiem/bez znaku
c:\users\nowik\dropbox\repos\mpwi_lab6\mpwi_lab6\mpwi_lab6.cpp(222): warning C4018: "<": niezgodność typu ze znakiem/bez znaku
  mpwi_lab6.vcxproj -> C:\Users\nowik\Dropbox\repos\mpwi_lab6\Debug\mpwi_lab6.exe
